<?xml version="1.0" encoding="UTF-8"?>
<testng-results total="1" passed="1" failed="0" skipped="0">
  <reporter-output>
  </reporter-output>
  <suite started-at="2021-12-03T21:26:54Z" name="Default suite" finished-at="2021-12-03T21:27:04Z" duration-ms="9371">
    <groups>
    </groups>
    <test started-at="2021-12-03T21:26:54Z" name="Default test" finished-at="2021-12-03T21:27:04Z" duration-ms="9371">
      <class name="automationFramework.DataDrivenTest">
        <test-method is-config="true" signature="TestSetup()[pri:0, instance:automationFramework.DataDrivenTest@2f16c6b3]" started-at="2021-12-03T15:26:54Z" name="TestSetup" finished-at="2021-12-03T15:27:01Z" duration-ms="6679" status="PASS">
          <reporter-output>
          </reporter-output>
        </test-method> <!-- TestSetup -->
        <test-method signature="ReadData()[pri:0, instance:automationFramework.DataDrivenTest@2f16c6b3]" started-at="2021-12-03T15:27:01Z" name="ReadData" finished-at="2021-12-03T15:27:04Z" duration-ms="2649" status="PASS">
          <reporter-output>
          </reporter-output>
        </test-method> <!-- ReadData -->
      </class> <!-- automationFramework.DataDrivenTest -->
    </test> <!-- Default test -->
  </suite> <!-- Default suite -->
</testng-results>
